  [1m[35m (1.5ms)[0m  [1m[34mSELECT "schema_migrations"."version" FROM "schema_migrations" ORDER BY "schema_migrations"."version" ASC[0m
  ↳ bin/rails:9
  [1m[35m (1.1ms)[0m  [1m[34mSELECT "ar_internal_metadata"."value" FROM "ar_internal_metadata" WHERE "ar_internal_metadata"."key" = $1[0m  [["key", "environment"]]
  ↳ bin/rails:9
  [1m[35m (0.2ms)[0m  [1m[34mSELECT "schema_migrations"."version" FROM "schema_migrations" ORDER BY "schema_migrations"."version" ASC[0m
  ↳ bin/rails:9
  [1m[35m (0.2ms)[0m  [1m[34mSELECT "ar_internal_metadata"."value" FROM "ar_internal_metadata" WHERE "ar_internal_metadata"."key" = $1[0m  [["key", "environment"]]
  ↳ bin/rails:9
  [1m[35m (0.3ms)[0m  [1m[34mSELECT "schema_migrations"."version" FROM "schema_migrations" ORDER BY "schema_migrations"."version" ASC[0m
  ↳ bin/rails:9
  [1m[35m (0.2ms)[0m  [1m[34mSELECT "ar_internal_metadata"."value" FROM "ar_internal_metadata" WHERE "ar_internal_metadata"."key" = $1[0m  [["key", "environment"]]
  ↳ bin/rails:9
  [1m[35m (28.8ms)[0m  [1m[35mDROP DATABASE IF EXISTS "rails-1P-associations_development"[0m
  ↳ bin/rails:9
  [1m[35m (22.9ms)[0m  [1m[35mDROP DATABASE IF EXISTS "rails-1P-associations_test"[0m
  ↳ bin/rails:9
  [1m[35m (83.1ms)[0m  [1m[35mCREATE DATABASE "rails-1P-associations_development" ENCODING = 'unicode'[0m
  ↳ bin/rails:9
  [1m[35m (32.8ms)[0m  [1m[35mCREATE DATABASE "rails-1P-associations_test" ENCODING = 'unicode'[0m
  ↳ bin/rails:9
  [1m[35mSQL (0.3ms)[0m  [1m[35mCREATE EXTENSION IF NOT EXISTS "plpgsql"[0m
  ↳ db/schema.rb:16
  [1m[35m (0.1ms)[0m  [1m[35mDROP TABLE IF EXISTS "comments" CASCADE[0m
  ↳ db/schema.rb:18
  [1m[35m (5.4ms)[0m  [1m[35mCREATE TABLE "comments" ("id" bigserial primary key, "body" character varying NOT NULL, "video_id" integer NOT NULL, "parent_comment_id" integer, "created_at" timestamp NOT NULL, "updated_at" timestamp NOT NULL, "commenter_id" integer)[0m
  ↳ db/schema.rb:18
  [1m[35m (0.7ms)[0m  [1m[35mCREATE  INDEX  "index_comments_on_commenter_id" ON "comments"  ("commenter_id")[0m
  ↳ db/schema.rb:18
  [1m[35m (0.5ms)[0m  [1m[35mCREATE  INDEX  "index_comments_on_video_id" ON "comments"  ("video_id")[0m
  ↳ db/schema.rb:18
  [1m[35m (0.1ms)[0m  [1m[35mDROP TABLE IF EXISTS "likes" CASCADE[0m
  ↳ db/schema.rb:29
  [1m[35m (1.7ms)[0m  [1m[35mCREATE TABLE "likes" ("id" bigserial primary key, "liker_id" integer NOT NULL, "video_id" integer NOT NULL, "created_at" timestamp NOT NULL, "updated_at" timestamp NOT NULL)[0m
  ↳ db/schema.rb:29
  [1m[35m (0.9ms)[0m  [1m[35mCREATE  INDEX  "index_likes_on_liker_id" ON "likes"  ("liker_id")[0m
  ↳ db/schema.rb:29
  [1m[35m (0.7ms)[0m  [1m[35mCREATE UNIQUE INDEX  "index_likes_on_video_id_and_liker_id" ON "likes"  ("video_id", "liker_id")[0m
  ↳ db/schema.rb:29
  [1m[35m (0.1ms)[0m  [1m[35mDROP TABLE IF EXISTS "users" CASCADE[0m
  ↳ db/schema.rb:38
  [1m[35m (2.3ms)[0m  [1m[35mCREATE TABLE "users" ("id" bigserial primary key, "username" character varying NOT NULL, "password" character varying NOT NULL, "created_at" timestamp NOT NULL, "updated_at" timestamp NOT NULL)[0m
  ↳ db/schema.rb:38
  [1m[35m (0.1ms)[0m  [1m[35mDROP TABLE IF EXISTS "videos" CASCADE[0m
  ↳ db/schema.rb:45
  [1m[35m (2.8ms)[0m  [1m[35mCREATE TABLE "videos" ("id" bigserial primary key, "title" character varying NOT NULL, "description" text NOT NULL, "uploader_id" integer NOT NULL, "created_at" timestamp NOT NULL, "updated_at" timestamp NOT NULL)[0m
  ↳ db/schema.rb:45
  [1m[35m (0.9ms)[0m  [1m[35mCREATE  INDEX  "index_videos_on_uploader_id" ON "videos"  ("uploader_id")[0m
  ↳ db/schema.rb:45
  [1m[35m (2.1ms)[0m  [1m[35mCREATE TABLE "schema_migrations" ("version" character varying NOT NULL PRIMARY KEY)[0m
  ↳ db/schema.rb:13
  [1m[35m (0.4ms)[0m  [1m[34mSELECT "schema_migrations"."version" FROM "schema_migrations" ORDER BY "schema_migrations"."version" ASC[0m
  ↳ db/schema.rb:13
  [1m[35m (0.3ms)[0m  [1m[32mINSERT INTO "schema_migrations" (version) VALUES (20200125015338)[0m
  ↳ db/schema.rb:13
  [1m[35m (2.5ms)[0m  [1m[35mCREATE TABLE "ar_internal_metadata" ("key" character varying NOT NULL PRIMARY KEY, "value" character varying, "created_at" timestamp NOT NULL, "updated_at" timestamp NOT NULL)[0m
  ↳ db/schema.rb:13
  [1m[36mActiveRecord::InternalMetadata Load (0.2ms)[0m  [1m[34mSELECT  "ar_internal_metadata".* FROM "ar_internal_metadata" WHERE "ar_internal_metadata"."key" = $1 LIMIT $2[0m  [["key", "environment"], ["LIMIT", 1]]
  ↳ db/schema.rb:13
  [1m[35m (0.1ms)[0m  [1m[35mBEGIN[0m
  ↳ db/schema.rb:13
  [1m[36mActiveRecord::InternalMetadata Create (0.3ms)[0m  [1m[32mINSERT INTO "ar_internal_metadata" ("key", "value", "created_at", "updated_at") VALUES ($1, $2, $3, $4) RETURNING "key"[0m  [["key", "environment"], ["value", "development"], ["created_at", "2020-12-28 23:21:54.020355"], ["updated_at", "2020-12-28 23:21:54.020355"]]
  ↳ db/schema.rb:13
  [1m[35m (0.5ms)[0m  [1m[35mCOMMIT[0m
  ↳ db/schema.rb:13
  [1m[36mActiveRecord::InternalMetadata Load (0.1ms)[0m  [1m[34mSELECT  "ar_internal_metadata".* FROM "ar_internal_metadata" WHERE "ar_internal_metadata"."key" = $1 LIMIT $2[0m  [["key", "environment"], ["LIMIT", 1]]
  ↳ bin/rails:9
  [1m[35m (0.0ms)[0m  [1m[35mBEGIN[0m
  ↳ bin/rails:9
  [1m[35m (0.0ms)[0m  [1m[35mCOMMIT[0m
  ↳ bin/rails:9
  [1m[35mSQL (0.2ms)[0m  [1m[35mCREATE EXTENSION IF NOT EXISTS "plpgsql"[0m
  ↳ db/schema.rb:16
  [1m[35m (0.1ms)[0m  [1m[35mDROP TABLE IF EXISTS "comments" CASCADE[0m
  ↳ db/schema.rb:18
  [1m[35m (4.8ms)[0m  [1m[35mCREATE TABLE "comments" ("id" bigserial primary key, "body" character varying NOT NULL, "video_id" integer NOT NULL, "parent_comment_id" integer, "created_at" timestamp NOT NULL, "updated_at" timestamp NOT NULL, "commenter_id" integer)[0m
  ↳ db/schema.rb:18
  [1m[35m (0.7ms)[0m  [1m[35mCREATE  INDEX  "index_comments_on_commenter_id" ON "comments"  ("commenter_id")[0m
  ↳ db/schema.rb:18
  [1m[35m (0.5ms)[0m  [1m[35mCREATE  INDEX  "index_comments_on_video_id" ON "comments"  ("video_id")[0m
  ↳ db/schema.rb:18
  [1m[35m (0.1ms)[0m  [1m[35mDROP TABLE IF EXISTS "likes" CASCADE[0m
  ↳ db/schema.rb:29
  [1m[35m (2.0ms)[0m  [1m[35mCREATE TABLE "likes" ("id" bigserial primary key, "liker_id" integer NOT NULL, "video_id" integer NOT NULL, "created_at" timestamp NOT NULL, "updated_at" timestamp NOT NULL)[0m
  ↳ db/schema.rb:29
  [1m[35m (0.8ms)[0m  [1m[35mCREATE  INDEX  "index_likes_on_liker_id" ON "likes"  ("liker_id")[0m
  ↳ db/schema.rb:29
  [1m[35m (0.7ms)[0m  [1m[35mCREATE UNIQUE INDEX  "index_likes_on_video_id_and_liker_id" ON "likes"  ("video_id", "liker_id")[0m
  ↳ db/schema.rb:29
  [1m[35m (0.1ms)[0m  [1m[35mDROP TABLE IF EXISTS "users" CASCADE[0m
  ↳ db/schema.rb:38
  [1m[35m (2.5ms)[0m  [1m[35mCREATE TABLE "users" ("id" bigserial primary key, "username" character varying NOT NULL, "password" character varying NOT NULL, "created_at" timestamp NOT NULL, "updated_at" timestamp NOT NULL)[0m
  ↳ db/schema.rb:38
  [1m[35m (0.1ms)[0m  [1m[35mDROP TABLE IF EXISTS "videos" CASCADE[0m
  ↳ db/schema.rb:45
  [1m[35m (2.4ms)[0m  [1m[35mCREATE TABLE "videos" ("id" bigserial primary key, "title" character varying NOT NULL, "description" text NOT NULL, "uploader_id" integer NOT NULL, "created_at" timestamp NOT NULL, "updated_at" timestamp NOT NULL)[0m
  ↳ db/schema.rb:45
  [1m[35m (0.7ms)[0m  [1m[35mCREATE  INDEX  "index_videos_on_uploader_id" ON "videos"  ("uploader_id")[0m
  ↳ db/schema.rb:45
  [1m[35m (1.8ms)[0m  [1m[35mCREATE TABLE "schema_migrations" ("version" character varying NOT NULL PRIMARY KEY)[0m
  ↳ db/schema.rb:13
  [1m[35m (0.4ms)[0m  [1m[34mSELECT "schema_migrations"."version" FROM "schema_migrations" ORDER BY "schema_migrations"."version" ASC[0m
  ↳ db/schema.rb:13
  [1m[35m (0.5ms)[0m  [1m[32mINSERT INTO "schema_migrations" (version) VALUES (20200125015338)[0m
  ↳ db/schema.rb:13
  [1m[35m (1.7ms)[0m  [1m[35mCREATE TABLE "ar_internal_metadata" ("key" character varying NOT NULL PRIMARY KEY, "value" character varying, "created_at" timestamp NOT NULL, "updated_at" timestamp NOT NULL)[0m
  ↳ db/schema.rb:13
  [1m[36mActiveRecord::InternalMetadata Load (0.2ms)[0m  [1m[34mSELECT  "ar_internal_metadata".* FROM "ar_internal_metadata" WHERE "ar_internal_metadata"."key" = $1 LIMIT $2[0m  [["key", "environment"], ["LIMIT", 1]]
  ↳ db/schema.rb:13
  [1m[35m (0.1ms)[0m  [1m[35mBEGIN[0m
  ↳ db/schema.rb:13
  [1m[36mActiveRecord::InternalMetadata Create (0.3ms)[0m  [1m[32mINSERT INTO "ar_internal_metadata" ("key", "value", "created_at", "updated_at") VALUES ($1, $2, $3, $4) RETURNING "key"[0m  [["key", "environment"], ["value", "development"], ["created_at", "2020-12-28 23:21:54.084114"], ["updated_at", "2020-12-28 23:21:54.084114"]]
  ↳ db/schema.rb:13
  [1m[35m (0.1ms)[0m  [1m[35mCOMMIT[0m
  ↳ db/schema.rb:13
  [1m[36mActiveRecord::InternalMetadata Load (0.1ms)[0m  [1m[34mSELECT  "ar_internal_metadata".* FROM "ar_internal_metadata" WHERE "ar_internal_metadata"."key" = $1 LIMIT $2[0m  [["key", "environment"], ["LIMIT", 1]]
  ↳ bin/rails:9
  [1m[35m (0.1ms)[0m  [1m[35mBEGIN[0m
  ↳ bin/rails:9
  [1m[36mActiveRecord::InternalMetadata Update (0.2ms)[0m  [1m[33mUPDATE "ar_internal_metadata" SET "value" = $1, "updated_at" = $2 WHERE "ar_internal_metadata"."key" = $3[0m  [["value", "test"], ["updated_at", "2020-12-28 23:21:54.085991"], ["key", "environment"]]
  ↳ bin/rails:9
  [1m[35m (0.1ms)[0m  [1m[35mCOMMIT[0m
  ↳ bin/rails:9
  [1m[35m (0.5ms)[0m  [1m[34mSELECT "schema_migrations"."version" FROM "schema_migrations" ORDER BY "schema_migrations"."version" ASC[0m
  ↳ bin/rails:9
  [1m[35m (0.1ms)[0m  [1m[35mBEGIN[0m
  ↳ db/seeds.rb:13
  [1m[36mUser Destroy (0.5ms)[0m  [1m[31mDELETE FROM "users"[0m
  ↳ db/seeds.rb:14
  [1m[36mVideo Destroy (0.3ms)[0m  [1m[31mDELETE FROM "videos"[0m
  ↳ db/seeds.rb:15
  [1m[36mComment Destroy (0.3ms)[0m  [1m[31mDELETE FROM "comments"[0m
  ↳ db/seeds.rb:16
  [1m[36mLike Destroy (0.3ms)[0m  [1m[31mDELETE FROM "likes"[0m
  ↳ db/seeds.rb:17
  [1m[36mUser Create (0.4ms)[0m  [1m[32mINSERT INTO "users" ("id", "username", "password", "created_at", "updated_at") VALUES ($1, $2, $3, $4, $5) RETURNING "id"[0m  [["id", 56056], ["username", "cousin_gerald"], ["password", "hesadoctor"], ["created_at", "2020-12-28 23:21:54.114604"], ["updated_at", "2020-12-28 23:21:54.114604"]]
  ↳ db/seeds.rb:19
  [1m[36mUser Create (0.2ms)[0m  [1m[32mINSERT INTO "users" ("id", "username", "password", "created_at", "updated_at") VALUES ($1, $2, $3, $4, $5) RETURNING "id"[0m  [["id", 18489], ["username", "gillian"], ["password", "ballberie"], ["created_at", "2020-12-28 23:21:54.115671"], ["updated_at", "2020-12-28 23:21:54.115671"]]
  ↳ db/seeds.rb:25
  [1m[36mVideo Create (0.5ms)[0m  [1m[32mINSERT INTO "videos" ("id", "title", "description", "uploader_id", "created_at", "updated_at") VALUES ($1, $2, $3, $4, $5, $6) RETURNING "id"[0m  [["id", 28051], ["title", "The Less I Know the Better"], ["description", "Music by Australian band Tame Impala"], ["uploader_id", 56056], ["created_at", "2020-12-28 23:21:54.123417"], ["updated_at", "2020-12-28 23:21:54.123417"]]
  ↳ db/seeds.rb:31
  [1m[36mVideo Create (0.1ms)[0m  [1m[32mINSERT INTO "videos" ("id", "title", "description", "uploader_id", "created_at", "updated_at") VALUES ($1, $2, $3, $4, $5, $6) RETURNING "id"[0m  [["id", 91183], ["title", "Ball of Pizza"], ["description", "Eric brings pizza to the dojo"], ["uploader_id", 18489], ["created_at", "2020-12-28 23:21:54.124693"], ["updated_at", "2020-12-28 23:21:54.124693"]]
  ↳ db/seeds.rb:38
  [1m[36mComment Create (0.5ms)[0m  [1m[32mINSERT INTO "comments" ("id", "body", "video_id", "created_at", "updated_at", "commenter_id") VALUES ($1, $2, $3, $4, $5, $6) RETURNING "id"[0m  [["id", 50488], ["body", "first"], ["video_id", 28051], ["created_at", "2020-12-28 23:21:54.133831"], ["updated_at", "2020-12-28 23:21:54.133831"], ["commenter_id", 18489]]
  ↳ db/seeds.rb:45
  [1m[36mComment Create (0.2ms)[0m  [1m[32mINSERT INTO "comments" ("id", "body", "video_id", "parent_comment_id", "created_at", "updated_at", "commenter_id") VALUES ($1, $2, $3, $4, $5, $6, $7) RETURNING "id"[0m  [["id", 26579], ["body", "second"], ["video_id", 28051], ["parent_comment_id", 50488], ["created_at", "2020-12-28 23:21:54.135258"], ["updated_at", "2020-12-28 23:21:54.135258"], ["commenter_id", 56056]]
  ↳ db/seeds.rb:52
  [1m[36mLike Create (0.4ms)[0m  [1m[32mINSERT INTO "likes" ("id", "liker_id", "video_id", "created_at", "updated_at") VALUES ($1, $2, $3, $4, $5) RETURNING "id"[0m  [["id", 66078], ["liker_id", 18489], ["video_id", 28051], ["created_at", "2020-12-28 23:21:54.145207"], ["updated_at", "2020-12-28 23:21:54.145207"]]
  ↳ db/seeds.rb:60
  [1m[36mLike Create (0.1ms)[0m  [1m[32mINSERT INTO "likes" ("id", "liker_id", "video_id", "created_at", "updated_at") VALUES ($1, $2, $3, $4, $5) RETURNING "id"[0m  [["id", 78890], ["liker_id", 56056], ["video_id", 91183], ["created_at", "2020-12-28 23:21:54.146520"], ["updated_at", "2020-12-28 23:21:54.146520"]]
  ↳ db/seeds.rb:61
  [1m[35m (0.4ms)[0m  [1m[35mCOMMIT[0m
  ↳ db/seeds.rb:13
  [1m[35m (1.7ms)[0m  [1m[34mSELECT "schema_migrations"."version" FROM "schema_migrations" ORDER BY "schema_migrations"."version" ASC[0m
  ↳ bin/rails:9
  [1m[35m (0.7ms)[0m  [1m[34mSELECT "ar_internal_metadata"."value" FROM "ar_internal_metadata" WHERE "ar_internal_metadata"."key" = $1[0m  [["key", "environment"]]
  ↳ bin/rails:9
  [1m[35m (0.3ms)[0m  [1m[34mSELECT "schema_migrations"."version" FROM "schema_migrations" ORDER BY "schema_migrations"."version" ASC[0m
  ↳ bin/rails:9
  [1m[35m (0.2ms)[0m  [1m[34mSELECT "ar_internal_metadata"."value" FROM "ar_internal_metadata" WHERE "ar_internal_metadata"."key" = $1[0m  [["key", "environment"]]
  ↳ bin/rails:9
  [1m[35m (0.4ms)[0m  [1m[34mSELECT "schema_migrations"."version" FROM "schema_migrations" ORDER BY "schema_migrations"."version" ASC[0m
  ↳ bin/rails:9
  [1m[35m (0.2ms)[0m  [1m[34mSELECT "ar_internal_metadata"."value" FROM "ar_internal_metadata" WHERE "ar_internal_metadata"."key" = $1[0m  [["key", "environment"]]
  ↳ bin/rails:9
  [1m[35mSQL (0.2ms)[0m  [1m[35mCREATE EXTENSION IF NOT EXISTS "plpgsql"[0m
  ↳ db/schema.rb:16
  [1m[35m (4.4ms)[0m  [1m[35mDROP TABLE IF EXISTS "comments" CASCADE[0m
  ↳ db/schema.rb:18
  [1m[35m (4.4ms)[0m  [1m[35mCREATE TABLE "comments" ("id" bigserial primary key, "body" character varying NOT NULL, "video_id" integer NOT NULL, "parent_comment_id" integer, "created_at" timestamp NOT NULL, "updated_at" timestamp NOT NULL, "commenter_id" integer)[0m
  ↳ db/schema.rb:18
  [1m[35m (1.0ms)[0m  [1m[35mCREATE  INDEX  "index_comments_on_commenter_id" ON "comments"  ("commenter_id")[0m
  ↳ db/schema.rb:18
  [1m[35m (0.6ms)[0m  [1m[35mCREATE  INDEX  "index_comments_on_video_id" ON "comments"  ("video_id")[0m
  ↳ db/schema.rb:18
  [1m[35m (1.7ms)[0m  [1m[35mDROP TABLE IF EXISTS "likes" CASCADE[0m
  ↳ db/schema.rb:29
  [1m[35m (2.2ms)[0m  [1m[35mCREATE TABLE "likes" ("id" bigserial primary key, "liker_id" integer NOT NULL, "video_id" integer NOT NULL, "created_at" timestamp NOT NULL, "updated_at" timestamp NOT NULL)[0m
  ↳ db/schema.rb:29
  [1m[35m (0.7ms)[0m  [1m[35mCREATE  INDEX  "index_likes_on_liker_id" ON "likes"  ("liker_id")[0m
  ↳ db/schema.rb:29
  [1m[35m (0.9ms)[0m  [1m[35mCREATE UNIQUE INDEX  "index_likes_on_video_id_and_liker_id" ON "likes"  ("video_id", "liker_id")[0m
  ↳ db/schema.rb:29
  [1m[35m (2.2ms)[0m  [1m[35mDROP TABLE IF EXISTS "users" CASCADE[0m
  ↳ db/schema.rb:38
  [1m[35m (2.6ms)[0m  [1m[35mCREATE TABLE "users" ("id" bigserial primary key, "username" character varying NOT NULL, "password" character varying NOT NULL, "created_at" timestamp NOT NULL, "updated_at" timestamp NOT NULL)[0m
  ↳ db/schema.rb:38
  [1m[35m (1.9ms)[0m  [1m[35mDROP TABLE IF EXISTS "videos" CASCADE[0m
  ↳ db/schema.rb:45
  [1m[35m (2.6ms)[0m  [1m[35mCREATE TABLE "videos" ("id" bigserial primary key, "title" character varying NOT NULL, "description" text NOT NULL, "uploader_id" integer NOT NULL, "created_at" timestamp NOT NULL, "updated_at" timestamp NOT NULL)[0m
  ↳ db/schema.rb:45
  [1m[35m (0.6ms)[0m  [1m[35mCREATE  INDEX  "index_videos_on_uploader_id" ON "videos"  ("uploader_id")[0m
  ↳ db/schema.rb:45
  [1m[35m (0.7ms)[0m  [1m[34mSELECT "schema_migrations"."version" FROM "schema_migrations" ORDER BY "schema_migrations"."version" ASC[0m
  ↳ db/schema.rb:13
  [1m[36mActiveRecord::InternalMetadata Load (0.4ms)[0m  [1m[34mSELECT  "ar_internal_metadata".* FROM "ar_internal_metadata" WHERE "ar_internal_metadata"."key" = $1 LIMIT $2[0m  [["key", "environment"], ["LIMIT", 1]]
  ↳ db/schema.rb:13
  [1m[35m (0.5ms)[0m  [1m[35mBEGIN[0m
  ↳ db/schema.rb:13
  [1m[35m (0.1ms)[0m  [1m[35mCOMMIT[0m
  ↳ db/schema.rb:13
  [1m[36mActiveRecord::InternalMetadata Load (0.2ms)[0m  [1m[34mSELECT  "ar_internal_metadata".* FROM "ar_internal_metadata" WHERE "ar_internal_metadata"."key" = $1 LIMIT $2[0m  [["key", "environment"], ["LIMIT", 1]]
  ↳ bin/rails:9
  [1m[35m (0.1ms)[0m  [1m[35mBEGIN[0m
  ↳ bin/rails:9
  [1m[35m (0.2ms)[0m  [1m[35mCOMMIT[0m
  ↳ bin/rails:9
  [1m[35mSQL (0.3ms)[0m  [1m[35mCREATE EXTENSION IF NOT EXISTS "plpgsql"[0m
  ↳ db/schema.rb:16
  [1m[35m (3.7ms)[0m  [1m[35mDROP TABLE IF EXISTS "comments" CASCADE[0m
  ↳ db/schema.rb:18
  [1m[35m (4.4ms)[0m  [1m[35mCREATE TABLE "comments" ("id" bigserial primary key, "body" character varying NOT NULL, "video_id" integer NOT NULL, "parent_comment_id" integer, "created_at" timestamp NOT NULL, "updated_at" timestamp NOT NULL, "commenter_id" integer)[0m
  ↳ db/schema.rb:18
  [1m[35m (0.6ms)[0m  [1m[35mCREATE  INDEX  "index_comments_on_commenter_id" ON "comments"  ("commenter_id")[0m
  ↳ db/schema.rb:18
  [1m[35m (0.7ms)[0m  [1m[35mCREATE  INDEX  "index_comments_on_video_id" ON "comments"  ("video_id")[0m
  ↳ db/schema.rb:18
  [1m[35m (1.5ms)[0m  [1m[35mDROP TABLE IF EXISTS "likes" CASCADE[0m
  ↳ db/schema.rb:29
  [1m[35m (2.1ms)[0m  [1m[35mCREATE TABLE "likes" ("id" bigserial primary key, "liker_id" integer NOT NULL, "video_id" integer NOT NULL, "created_at" timestamp NOT NULL, "updated_at" timestamp NOT NULL)[0m
  ↳ db/schema.rb:29
  [1m[35m (1.1ms)[0m  [1m[35mCREATE  INDEX  "index_likes_on_liker_id" ON "likes"  ("liker_id")[0m
  ↳ db/schema.rb:29
  [1m[35m (1.0ms)[0m  [1m[35mCREATE UNIQUE INDEX  "index_likes_on_video_id_and_liker_id" ON "likes"  ("video_id", "liker_id")[0m
  ↳ db/schema.rb:29
  [1m[35m (1.7ms)[0m  [1m[35mDROP TABLE IF EXISTS "users" CASCADE[0m
  ↳ db/schema.rb:38
  [1m[35m (2.7ms)[0m  [1m[35mCREATE TABLE "users" ("id" bigserial primary key, "username" character varying NOT NULL, "password" character varying NOT NULL, "created_at" timestamp NOT NULL, "updated_at" timestamp NOT NULL)[0m
  ↳ db/schema.rb:38
  [1m[35m (1.9ms)[0m  [1m[35mDROP TABLE IF EXISTS "videos" CASCADE[0m
  ↳ db/schema.rb:45
  [1m[35m (2.6ms)[0m  [1m[35mCREATE TABLE "videos" ("id" bigserial primary key, "title" character varying NOT NULL, "description" text NOT NULL, "uploader_id" integer NOT NULL, "created_at" timestamp NOT NULL, "updated_at" timestamp NOT NULL)[0m
  ↳ db/schema.rb:45
  [1m[35m (1.2ms)[0m  [1m[35mCREATE  INDEX  "index_videos_on_uploader_id" ON "videos"  ("uploader_id")[0m
  ↳ db/schema.rb:45
  [1m[35m (0.6ms)[0m  [1m[34mSELECT "schema_migrations"."version" FROM "schema_migrations" ORDER BY "schema_migrations"."version" ASC[0m
  ↳ db/schema.rb:13
  [1m[36mActiveRecord::InternalMetadata Load (0.3ms)[0m  [1m[34mSELECT  "ar_internal_metadata".* FROM "ar_internal_metadata" WHERE "ar_internal_metadata"."key" = $1 LIMIT $2[0m  [["key", "environment"], ["LIMIT", 1]]
  ↳ db/schema.rb:13
  [1m[35m (0.1ms)[0m  [1m[35mBEGIN[0m
  ↳ db/schema.rb:13
  [1m[36mActiveRecord::InternalMetadata Update (0.3ms)[0m  [1m[33mUPDATE "ar_internal_metadata" SET "value" = $1, "updated_at" = $2 WHERE "ar_internal_metadata"."key" = $3[0m  [["value", "development"], ["updated_at", "2020-12-28 23:21:55.966565"], ["key", "environment"]]
  ↳ db/schema.rb:13
  [1m[35m (0.1ms)[0m  [1m[35mCOMMIT[0m
  ↳ db/schema.rb:13
  [1m[36mActiveRecord::InternalMetadata Load (0.2ms)[0m  [1m[34mSELECT  "ar_internal_metadata".* FROM "ar_internal_metadata" WHERE "ar_internal_metadata"."key" = $1 LIMIT $2[0m  [["key", "environment"], ["LIMIT", 1]]
  ↳ bin/rails:9
  [1m[35m (0.1ms)[0m  [1m[35mBEGIN[0m
  ↳ bin/rails:9
  [1m[36mActiveRecord::InternalMetadata Update (0.2ms)[0m  [1m[33mUPDATE "ar_internal_metadata" SET "value" = $1, "updated_at" = $2 WHERE "ar_internal_metadata"."key" = $3[0m  [["value", "test"], ["updated_at", "2020-12-28 23:21:55.970423"], ["key", "environment"]]
  ↳ bin/rails:9
  [1m[35m (0.1ms)[0m  [1m[35mCOMMIT[0m
  ↳ bin/rails:9
  [1m[35m (2.0ms)[0m  [1m[34mSELECT "schema_migrations"."version" FROM "schema_migrations" ORDER BY "schema_migrations"."version" ASC[0m
  ↳ bin/rails:9
  [1m[35m (0.6ms)[0m  [1m[35mBEGIN[0m
  ↳ db/seeds.rb:13
  [1m[36mUser Destroy (2.0ms)[0m  [1m[31mDELETE FROM "users"[0m
  ↳ db/seeds.rb:14
  [1m[36mVideo Destroy (0.9ms)[0m  [1m[31mDELETE FROM "videos"[0m
  ↳ db/seeds.rb:15
  [1m[36mComment Destroy (1.0ms)[0m  [1m[31mDELETE FROM "comments"[0m
  ↳ db/seeds.rb:16
  [1m[36mLike Destroy (0.9ms)[0m  [1m[31mDELETE FROM "likes"[0m
  ↳ db/seeds.rb:17
  [1m[36mUser Create (1.0ms)[0m  [1m[32mINSERT INTO "users" ("id", "username", "password", "created_at", "updated_at") VALUES ($1, $2, $3, $4, $5) RETURNING "id"[0m  [["id", 97212], ["username", "cousin_gerald"], ["password", "hesadoctor"], ["created_at", "2020-12-28 23:21:57.634492"], ["updated_at", "2020-12-28 23:21:57.634492"]]
  ↳ db/seeds.rb:19
  [1m[36mUser Create (0.5ms)[0m  [1m[32mINSERT INTO "users" ("id", "username", "password", "created_at", "updated_at") VALUES ($1, $2, $3, $4, $5) RETURNING "id"[0m  [["id", 79230], ["username", "gillian"], ["password", "ballberie"], ["created_at", "2020-12-28 23:21:57.636739"], ["updated_at", "2020-12-28 23:21:57.636739"]]
  ↳ db/seeds.rb:25
  [1m[36mVideo Create (0.9ms)[0m  [1m[32mINSERT INTO "videos" ("id", "title", "description", "uploader_id", "created_at", "updated_at") VALUES ($1, $2, $3, $4, $5, $6) RETURNING "id"[0m  [["id", 63797], ["title", "The Less I Know the Better"], ["description", "Music by Australian band Tame Impala"], ["uploader_id", 97212], ["created_at", "2020-12-28 23:21:57.655752"], ["updated_at", "2020-12-28 23:21:57.655752"]]
  ↳ db/seeds.rb:31
  [1m[36mVideo Create (0.4ms)[0m  [1m[32mINSERT INTO "videos" ("id", "title", "description", "uploader_id", "created_at", "updated_at") VALUES ($1, $2, $3, $4, $5, $6) RETURNING "id"[0m  [["id", 95320], ["title", "Ball of Pizza"], ["description", "Eric brings pizza to the dojo"], ["uploader_id", 79230], ["created_at", "2020-12-28 23:21:57.657484"], ["updated_at", "2020-12-28 23:21:57.657484"]]
  ↳ db/seeds.rb:38
  [1m[36mComment Create (0.9ms)[0m  [1m[32mINSERT INTO "comments" ("id", "body", "video_id", "created_at", "updated_at", "commenter_id") VALUES ($1, $2, $3, $4, $5, $6) RETURNING "id"[0m  [["id", 57243], ["body", "first"], ["video_id", 63797], ["created_at", "2020-12-28 23:21:57.676664"], ["updated_at", "2020-12-28 23:21:57.676664"], ["commenter_id", 79230]]
  ↳ db/seeds.rb:45
  [1m[36mComment Create (0.3ms)[0m  [1m[32mINSERT INTO "comments" ("id", "body", "video_id", "parent_comment_id", "created_at", "updated_at", "commenter_id") VALUES ($1, $2, $3, $4, $5, $6, $7) RETURNING "id"[0m  [["id", 52219], ["body", "second"], ["video_id", 63797], ["parent_comment_id", 57243], ["created_at", "2020-12-28 23:21:57.678604"], ["updated_at", "2020-12-28 23:21:57.678604"], ["commenter_id", 97212]]
  ↳ db/seeds.rb:52
  [1m[36mLike Create (0.9ms)[0m  [1m[32mINSERT INTO "likes" ("id", "liker_id", "video_id", "created_at", "updated_at") VALUES ($1, $2, $3, $4, $5) RETURNING "id"[0m  [["id", 80096], ["liker_id", 79230], ["video_id", 63797], ["created_at", "2020-12-28 23:21:57.694842"], ["updated_at", "2020-12-28 23:21:57.694842"]]
  ↳ db/seeds.rb:60
  [1m[36mLike Create (0.3ms)[0m  [1m[32mINSERT INTO "likes" ("id", "liker_id", "video_id", "created_at", "updated_at") VALUES ($1, $2, $3, $4, $5) RETURNING "id"[0m  [["id", 6479], ["liker_id", 97212], ["video_id", 95320], ["created_at", "2020-12-28 23:21:57.696690"], ["updated_at", "2020-12-28 23:21:57.696690"]]
  ↳ db/seeds.rb:61
  [1m[35m (0.7ms)[0m  [1m[35mCOMMIT[0m
  ↳ db/seeds.rb:13
